<?xml version="1.0" encoding="UTF-8" ?>
<user>
    <userId>14</userId>
    <firstName>Ferg</firstName>
    <surname>Smyth</surname>
</user>
